2024-05-22T01:59:13.954348Z 0 [System] [MY-015015] [Server] MySQL Server - start.
2024-05-22T01:59:14.087060Z 0 [System] [MY-010116] [Server] C:\Users\Kieran\TFSServer\UniServerZ\core\mysql\bin\mysqld_z.exe (mysqld 8.2.0) starting as process 24160
2024-05-22T01:59:14.103735Z 0 [Warning] [MY-010075] [Server] No existing UUID has been found, so we assume that this is the first time that this server has been started. Generating a new UUID: e3a28fca-17de-11ef-9619-d8bbc1cf9b22.
2024-05-22T01:59:14.109409Z 1 [System] [MY-013576] [InnoDB] InnoDB initialization has started.
2024-05-22T01:59:14.329831Z 1 [System] [MY-013577] [InnoDB] InnoDB initialization has ended.
2024-05-22T01:59:14.991648Z 0 [Warning] [MY-010068] [Server] CA certificate ca.pem is self signed.
2024-05-22T01:59:14.992440Z 0 [System] [MY-013602] [Server] Channel mysql_main configured to support TLS. Encrypted connections are now supported for this channel.
2024-05-22T01:59:15.207093Z 0 [System] [MY-011323] [Server] X Plugin ready for connections. Bind-address: '::' port: 33060
2024-05-22T01:59:15.207214Z 0 [System] [MY-010931] [Server] C:\Users\Kieran\TFSServer\UniServerZ\core\mysql\bin\mysqld_z.exe: ready for connections. Version: '8.2.0'  socket: ''  port: 3306  MySQL Community Server - GPL.
2024-05-22T02:01:40.163234Z 0 [System] [MY-015015] [Server] MySQL Server - start.
2024-05-22T02:01:40.288929Z 0 [System] [MY-010116] [Server] C:\Users\Kieran\TFSServer\UniServerZ\core\mysql\bin\mysqld_z.exe (mysqld 8.2.0) starting as process 18132
2024-05-22T02:01:40.306889Z 1 [System] [MY-013576] [InnoDB] InnoDB initialization has started.
2024-05-22T02:01:41.110590Z 1 [System] [MY-013577] [InnoDB] InnoDB initialization has ended.
2024-05-22T02:01:41.314700Z 0 [System] [MY-010229] [Server] Starting XA crash recovery...
2024-05-22T02:01:41.319042Z 0 [System] [MY-010232] [Server] XA crash recovery finished.
2024-05-22T02:01:41.356225Z 0 [Warning] [MY-010068] [Server] CA certificate ca.pem is self signed.
2024-05-22T02:01:41.356545Z 0 [System] [MY-013602] [Server] Channel mysql_main configured to support TLS. Encrypted connections are now supported for this channel.
2024-05-22T02:01:41.390557Z 0 [System] [MY-011323] [Server] X Plugin ready for connections. Bind-address: '::' port: 33060
2024-05-22T02:01:41.390682Z 0 [System] [MY-010931] [Server] C:\Users\Kieran\TFSServer\UniServerZ\core\mysql\bin\mysqld_z.exe: ready for connections. Version: '8.2.0'  socket: ''  port: 3306  MySQL Community Server - GPL.
2024-05-22T02:06:57.470939Z 52 [System] [MY-013172] [Server] Received SHUTDOWN from user root. Shutting down mysqld (Version: 8.2.0).
2024-05-22T02:06:57.471361Z 0 [System] [MY-013105] [Server] C:\Users\Kieran\TFSServer\UniServerZ\core\mysql\bin\mysqld_z.exe: Normal shutdown.
2024-05-22T02:06:58.306217Z 0 [System] [MY-010910] [Server] C:\Users\Kieran\TFSServer\UniServerZ\core\mysql\bin\mysqld_z.exe: Shutdown complete (mysqld 8.2.0)  MySQL Community Server - GPL.
2024-05-22T02:06:58.307492Z 0 [System] [MY-015016] [Server] MySQL Server - end.
2024-05-22T02:08:43.955928Z 0 [System] [MY-015015] [Server] MySQL Server - start.
2024-05-22T02:08:44.101958Z 0 [System] [MY-010116] [Server] C:\Users\Kieran\TFSServer\UniServerZ\core\mysql\bin\mysqld_z.exe (mysqld 8.2.0) starting as process 22536
2024-05-22T02:08:44.118534Z 1 [System] [MY-013576] [InnoDB] InnoDB initialization has started.
2024-05-22T02:08:44.266967Z 1 [System] [MY-013577] [InnoDB] InnoDB initialization has ended.
2024-05-22T02:08:44.553145Z 0 [Warning] [MY-010068] [Server] CA certificate ca.pem is self signed.
2024-05-22T02:08:44.553464Z 0 [System] [MY-013602] [Server] Channel mysql_main configured to support TLS. Encrypted connections are now supported for this channel.
2024-05-22T02:08:44.591873Z 0 [System] [MY-011323] [Server] X Plugin ready for connections. Bind-address: '::' port: 33060
2024-05-22T02:08:44.591999Z 0 [System] [MY-010931] [Server] C:\Users\Kieran\TFSServer\UniServerZ\core\mysql\bin\mysqld_z.exe: ready for connections. Version: '8.2.0'  socket: ''  port: 3306  MySQL Community Server - GPL.
2024-05-22T02:12:08.361122Z 14 [System] [MY-013172] [Server] Received SHUTDOWN from user root. Shutting down mysqld (Version: 8.2.0).
2024-05-22T02:12:08.361567Z 0 [System] [MY-013105] [Server] C:\Users\Kieran\TFSServer\UniServerZ\core\mysql\bin\mysqld_z.exe: Normal shutdown.
2024-05-22T02:12:09.585360Z 0 [System] [MY-010910] [Server] C:\Users\Kieran\TFSServer\UniServerZ\core\mysql\bin\mysqld_z.exe: Shutdown complete (mysqld 8.2.0)  MySQL Community Server - GPL.
2024-05-22T02:12:09.586520Z 0 [System] [MY-015016] [Server] MySQL Server - end.
2024-05-22T02:18:36.756833Z 0 [System] [MY-015015] [Server] MySQL Server - start.
2024-05-22T02:18:36.849888Z 0 [System] [MY-010116] [Server] C:\Users\Kieran\TFSServer\UniServerZ\core\mysql\bin\mysqld_z.exe (mysqld 8.2.0) starting as process 17920
2024-05-22T02:18:36.883282Z 1 [System] [MY-013576] [InnoDB] InnoDB initialization has started.
2024-05-22T02:18:37.200153Z 1 [System] [MY-013577] [InnoDB] InnoDB initialization has ended.
2024-05-22T02:18:37.516214Z 0 [Warning] [MY-010068] [Server] CA certificate ca.pem is self signed.
2024-05-22T02:18:37.516520Z 0 [System] [MY-013602] [Server] Channel mysql_main configured to support TLS. Encrypted connections are now supported for this channel.
2024-05-22T02:18:37.560067Z 0 [System] [MY-011323] [Server] X Plugin ready for connections. Bind-address: '::' port: 33060
2024-05-22T02:18:37.560195Z 0 [System] [MY-010931] [Server] C:\Users\Kieran\TFSServer\UniServerZ\core\mysql\bin\mysqld_z.exe: ready for connections. Version: '8.2.0'  socket: ''  port: 3306  MySQL Community Server - GPL.
2024-05-22T02:18:43.690168Z 8 [Warning] [MY-013360] [Server] Plugin mysql_native_password reported: ''mysql_native_password' is deprecated and will be removed in a future release. Please use caching_sha2_password instead'
2024-05-22T02:19:46.567175Z 9 [Warning] [MY-013360] [Server] Plugin mysql_native_password reported: ''mysql_native_password' is deprecated and will be removed in a future release. Please use caching_sha2_password instead'
2024-05-22T02:29:23.743309Z 10 [System] [MY-013172] [Server] Received SHUTDOWN from user root. Shutting down mysqld (Version: 8.2.0).
2024-05-22T02:29:23.743724Z 0 [System] [MY-013105] [Server] C:\Users\Kieran\TFSServer\UniServerZ\core\mysql\bin\mysqld_z.exe: Normal shutdown.
2024-05-22T02:29:24.818745Z 0 [System] [MY-010910] [Server] C:\Users\Kieran\TFSServer\UniServerZ\core\mysql\bin\mysqld_z.exe: Shutdown complete (mysqld 8.2.0)  MySQL Community Server - GPL.
2024-05-22T02:29:24.820067Z 0 [System] [MY-015016] [Server] MySQL Server - end.
2024-05-22T02:29:53.856227Z 0 [System] [MY-015015] [Server] MySQL Server - start.
2024-05-22T02:29:53.913478Z 0 [System] [MY-010116] [Server] C:\Users\Kieran\TFSServer\UniServerZ\core\mysql\bin\mysqld_z.exe (mysqld 8.2.0) starting as process 17728
2024-05-22T02:29:53.941396Z 1 [System] [MY-013576] [InnoDB] InnoDB initialization has started.
2024-05-22T02:29:54.236578Z 1 [System] [MY-013577] [InnoDB] InnoDB initialization has ended.
2024-05-22T02:29:54.545989Z 0 [Warning] [MY-010068] [Server] CA certificate ca.pem is self signed.
2024-05-22T02:29:54.546292Z 0 [System] [MY-013602] [Server] Channel mysql_main configured to support TLS. Encrypted connections are now supported for this channel.
2024-05-22T02:29:54.589746Z 0 [System] [MY-011323] [Server] X Plugin ready for connections. Bind-address: '::' port: 33060
2024-05-22T02:29:54.589866Z 0 [System] [MY-010931] [Server] C:\Users\Kieran\TFSServer\UniServerZ\core\mysql\bin\mysqld_z.exe: ready for connections. Version: '8.2.0'  socket: ''  port: 3306  MySQL Community Server - GPL.
2024-05-22T02:29:58.379234Z 8 [Warning] [MY-013360] [Server] Plugin mysql_native_password reported: ''mysql_native_password' is deprecated and will be removed in a future release. Please use caching_sha2_password instead'
2024-05-22T02:46:50.727910Z 9 [Warning] [MY-013360] [Server] Plugin mysql_native_password reported: ''mysql_native_password' is deprecated and will be removed in a future release. Please use caching_sha2_password instead'
2024-05-22T02:47:13.746768Z 10 [Warning] [MY-013360] [Server] Plugin mysql_native_password reported: ''mysql_native_password' is deprecated and will be removed in a future release. Please use caching_sha2_password instead'
2024-05-22T02:50:56.393578Z 37 [System] [MY-013172] [Server] Received SHUTDOWN from user root. Shutting down mysqld (Version: 8.2.0).
2024-05-22T02:50:56.394238Z 0 [System] [MY-013105] [Server] C:\Users\Kieran\TFSServer\UniServerZ\core\mysql\bin\mysqld_z.exe: Normal shutdown.
2024-05-22T02:50:56.869435Z 0 [System] [MY-010910] [Server] C:\Users\Kieran\TFSServer\UniServerZ\core\mysql\bin\mysqld_z.exe: Shutdown complete (mysqld 8.2.0)  MySQL Community Server - GPL.
2024-05-22T02:50:56.870763Z 0 [System] [MY-015016] [Server] MySQL Server - end.
2024-05-22T02:54:51.885649Z 0 [System] [MY-015015] [Server] MySQL Server - start.
2024-05-22T02:54:52.008741Z 0 [System] [MY-010116] [Server] C:\Users\Kieran\TFSServer\UniServerZ\core\mysql\bin\mysqld_z.exe (mysqld 8.2.0) starting as process 26376
2024-05-22T02:54:52.024827Z 1 [System] [MY-013576] [InnoDB] InnoDB initialization has started.
2024-05-22T02:54:52.188814Z 1 [System] [MY-013577] [InnoDB] InnoDB initialization has ended.
2024-05-22T02:54:52.495474Z 0 [Warning] [MY-010068] [Server] CA certificate ca.pem is self signed.
2024-05-22T02:54:52.495872Z 0 [System] [MY-013602] [Server] Channel mysql_main configured to support TLS. Encrypted connections are now supported for this channel.
2024-05-22T02:54:52.539503Z 0 [System] [MY-011323] [Server] X Plugin ready for connections. Bind-address: '::' port: 33060
2024-05-22T02:54:52.539699Z 0 [System] [MY-010931] [Server] C:\Users\Kieran\TFSServer\UniServerZ\core\mysql\bin\mysqld_z.exe: ready for connections. Version: '8.2.0'  socket: ''  port: 3306  MySQL Community Server - GPL.
2024-05-22T02:56:48.312186Z 10 [System] [MY-013172] [Server] Received SHUTDOWN from user root. Shutting down mysqld (Version: 8.2.0).
2024-05-22T02:56:48.312735Z 0 [System] [MY-013105] [Server] C:\Users\Kieran\TFSServer\UniServerZ\core\mysql\bin\mysqld_z.exe: Normal shutdown.
2024-05-22T02:56:48.682841Z 0 [System] [MY-010910] [Server] C:\Users\Kieran\TFSServer\UniServerZ\core\mysql\bin\mysqld_z.exe: Shutdown complete (mysqld 8.2.0)  MySQL Community Server - GPL.
2024-05-22T02:56:48.684126Z 0 [System] [MY-015016] [Server] MySQL Server - end.
2024-05-22T02:57:00.677470Z 0 [System] [MY-015015] [Server] MySQL Server - start.
2024-05-22T02:57:00.806510Z 0 [System] [MY-010116] [Server] C:\Users\Kieran\TFSServer\UniServerZ\core\mysql\bin\mysqld_z.exe (mysqld 8.2.0) starting as process 26136
2024-05-22T02:57:00.823040Z 1 [System] [MY-013576] [InnoDB] InnoDB initialization has started.
2024-05-22T02:57:00.954231Z 1 [System] [MY-013577] [InnoDB] InnoDB initialization has ended.
2024-05-22T02:57:01.265732Z 0 [Warning] [MY-010068] [Server] CA certificate ca.pem is self signed.
2024-05-22T02:57:01.266142Z 0 [System] [MY-013602] [Server] Channel mysql_main configured to support TLS. Encrypted connections are now supported for this channel.
2024-05-22T02:57:01.304376Z 0 [System] [MY-011323] [Server] X Plugin ready for connections. Bind-address: '::' port: 33060
2024-05-22T02:57:01.304560Z 0 [System] [MY-010931] [Server] C:\Users\Kieran\TFSServer\UniServerZ\core\mysql\bin\mysqld_z.exe: ready for connections. Version: '8.2.0'  socket: ''  port: 3306  MySQL Community Server - GPL.
2024-05-22T03:00:18.176432Z 8 [System] [MY-013172] [Server] Received SHUTDOWN from user root. Shutting down mysqld (Version: 8.2.0).
2024-05-22T03:00:18.176959Z 0 [System] [MY-013105] [Server] C:\Users\Kieran\TFSServer\UniServerZ\core\mysql\bin\mysqld_z.exe: Normal shutdown.
2024-05-22T03:00:19.217270Z 0 [System] [MY-010910] [Server] C:\Users\Kieran\TFSServer\UniServerZ\core\mysql\bin\mysqld_z.exe: Shutdown complete (mysqld 8.2.0)  MySQL Community Server - GPL.
2024-05-22T03:00:19.218794Z 0 [System] [MY-015016] [Server] MySQL Server - end.
2024-05-22T05:03:53.010099Z 0 [System] [MY-015015] [Server] MySQL Server - start.
2024-05-22T05:03:53.070147Z 0 [System] [MY-010116] [Server] C:\Users\Kieran\TFSServer\UniServerZ\core\mysql\bin\mysqld_z.exe (mysqld 8.2.0) starting as process 16440
2024-05-22T05:03:53.085494Z 1 [System] [MY-013576] [InnoDB] InnoDB initialization has started.
2024-05-22T05:03:53.249752Z 1 [System] [MY-013577] [InnoDB] InnoDB initialization has ended.
2024-05-22T05:03:53.552190Z 0 [Warning] [MY-010068] [Server] CA certificate ca.pem is self signed.
2024-05-22T05:03:53.552495Z 0 [System] [MY-013602] [Server] Channel mysql_main configured to support TLS. Encrypted connections are now supported for this channel.
2024-05-22T05:03:53.595255Z 0 [System] [MY-011323] [Server] X Plugin ready for connections. Bind-address: '::' port: 33060
2024-05-22T05:03:53.595381Z 0 [System] [MY-010931] [Server] C:\Users\Kieran\TFSServer\UniServerZ\core\mysql\bin\mysqld_z.exe: ready for connections. Version: '8.2.0'  socket: ''  port: 3306  MySQL Community Server - GPL.
2024-05-22T05:03:58.504359Z 8 [Warning] [MY-013360] [Server] Plugin sha256_password reported: ''sha256_password' is deprecated and will be removed in a future release. Please use caching_sha2_password instead'
2024-05-22T05:04:42.263381Z 9 [Warning] [MY-013360] [Server] Plugin sha256_password reported: ''sha256_password' is deprecated and will be removed in a future release. Please use caching_sha2_password instead'
2024-05-22T05:04:44.330875Z 10 [Warning] [MY-013360] [Server] Plugin sha256_password reported: ''sha256_password' is deprecated and will be removed in a future release. Please use caching_sha2_password instead'
2024-05-22T05:07:51.977571Z 11 [Warning] [MY-013360] [Server] Plugin sha256_password reported: ''sha256_password' is deprecated and will be removed in a future release. Please use caching_sha2_password instead'
2024-05-22T05:08:02.256388Z 12 [System] [MY-013172] [Server] Received SHUTDOWN from user root. Shutting down mysqld (Version: 8.2.0).
2024-05-22T05:08:02.256801Z 0 [System] [MY-013105] [Server] C:\Users\Kieran\TFSServer\UniServerZ\core\mysql\bin\mysqld_z.exe: Normal shutdown.
2024-05-22T05:08:02.966800Z 0 [System] [MY-010910] [Server] C:\Users\Kieran\TFSServer\UniServerZ\core\mysql\bin\mysqld_z.exe: Shutdown complete (mysqld 8.2.0)  MySQL Community Server - GPL.
2024-05-22T05:08:02.968632Z 0 [System] [MY-015016] [Server] MySQL Server - end.
2024-05-22T05:27:26.136775Z 0 [System] [MY-015015] [Server] MySQL Server - start.
2024-05-22T05:27:26.194357Z 0 [System] [MY-010116] [Server] C:\Users\Kieran\TFSServer\UniServerZ\core\mysql\bin\mysqld_z.exe (mysqld 8.2.0) starting as process 8608
2024-05-22T05:27:26.212249Z 1 [System] [MY-013576] [InnoDB] InnoDB initialization has started.
2024-05-22T05:27:26.371680Z 1 [System] [MY-013577] [InnoDB] InnoDB initialization has ended.
2024-05-22T05:27:26.660444Z 0 [Warning] [MY-010068] [Server] CA certificate ca.pem is self signed.
2024-05-22T05:27:26.660744Z 0 [System] [MY-013602] [Server] Channel mysql_main configured to support TLS. Encrypted connections are now supported for this channel.
2024-05-22T05:27:26.699255Z 0 [System] [MY-011323] [Server] X Plugin ready for connections. Bind-address: '::' port: 33060
2024-05-22T05:27:26.699381Z 0 [System] [MY-010931] [Server] C:\Users\Kieran\TFSServer\UniServerZ\core\mysql\bin\mysqld_z.exe: ready for connections. Version: '8.2.0'  socket: ''  port: 3306  MySQL Community Server - GPL.
2024-05-22T05:27:36.450764Z 8 [Warning] [MY-013360] [Server] Plugin mysql_native_password reported: ''mysql_native_password' is deprecated and will be removed in a future release. Please use caching_sha2_password instead'
2024-05-22T05:27:55.260071Z 9 [System] [MY-013172] [Server] Received SHUTDOWN from user root. Shutting down mysqld (Version: 8.2.0).
2024-05-22T05:27:55.260464Z 0 [System] [MY-013105] [Server] C:\Users\Kieran\TFSServer\UniServerZ\core\mysql\bin\mysqld_z.exe: Normal shutdown.
2024-05-22T05:27:56.003497Z 0 [System] [MY-010910] [Server] C:\Users\Kieran\TFSServer\UniServerZ\core\mysql\bin\mysqld_z.exe: Shutdown complete (mysqld 8.2.0)  MySQL Community Server - GPL.
2024-05-22T05:27:56.004727Z 0 [System] [MY-015016] [Server] MySQL Server - end.
2024-05-22T06:55:44.660562Z 0 [System] [MY-015015] [Server] MySQL Server - start.
2024-05-22T06:55:44.803891Z 0 [System] [MY-010116] [Server] C:\Users\Kieran\TFSServer\UniServerZ\core\mysql\bin\mysqld_z.exe (mysqld 8.2.0) starting as process 18784
2024-05-22T06:55:44.820817Z 1 [System] [MY-013576] [InnoDB] InnoDB initialization has started.
2024-05-22T06:55:44.977472Z 1 [System] [MY-013577] [InnoDB] InnoDB initialization has ended.
2024-05-22T06:55:45.271002Z 0 [Warning] [MY-010068] [Server] CA certificate ca.pem is self signed.
2024-05-22T06:55:45.271307Z 0 [System] [MY-013602] [Server] Channel mysql_main configured to support TLS. Encrypted connections are now supported for this channel.
2024-05-22T06:55:45.309705Z 0 [System] [MY-011323] [Server] X Plugin ready for connections. Bind-address: '::' port: 33060
2024-05-22T06:55:45.309813Z 0 [System] [MY-010931] [Server] C:\Users\Kieran\TFSServer\UniServerZ\core\mysql\bin\mysqld_z.exe: ready for connections. Version: '8.2.0'  socket: ''  port: 3306  MySQL Community Server - GPL.
2024-05-22T06:55:48.584029Z 8 [Warning] [MY-013360] [Server] Plugin sha256_password reported: ''sha256_password' is deprecated and will be removed in a future release. Please use caching_sha2_password instead'
2024-05-22T07:10:45.366493Z 56 [System] [MY-013172] [Server] Received SHUTDOWN from user root. Shutting down mysqld (Version: 8.2.0).
2024-05-22T07:10:45.367215Z 0 [System] [MY-013105] [Server] C:\Users\Kieran\TFSServer\UniServerZ\core\mysql\bin\mysqld_z.exe: Normal shutdown.
2024-05-22T07:10:45.990198Z 0 [System] [MY-010910] [Server] C:\Users\Kieran\TFSServer\UniServerZ\core\mysql\bin\mysqld_z.exe: Shutdown complete (mysqld 8.2.0)  MySQL Community Server - GPL.
2024-05-22T07:10:45.991833Z 0 [System] [MY-015016] [Server] MySQL Server - end.
2024-05-23T04:08:20.900962Z 0 [System] [MY-015015] [Server] MySQL Server - start.
2024-05-23T04:08:21.053725Z 0 [System] [MY-010116] [Server] C:\Users\Kieran\TFSServer\UniServerZ\core\mysql\bin\mysqld_z.exe (mysqld 8.2.0) starting as process 34220
2024-05-23T04:08:21.095096Z 1 [System] [MY-013576] [InnoDB] InnoDB initialization has started.
2024-05-23T04:08:21.550765Z 1 [System] [MY-013577] [InnoDB] InnoDB initialization has ended.
2024-05-23T04:08:21.919599Z 0 [Warning] [MY-010068] [Server] CA certificate ca.pem is self signed.
2024-05-23T04:08:21.919913Z 0 [System] [MY-013602] [Server] Channel mysql_main configured to support TLS. Encrypted connections are now supported for this channel.
2024-05-23T04:08:21.959467Z 0 [System] [MY-011323] [Server] X Plugin ready for connections. Bind-address: '::' port: 33060
2024-05-23T04:08:21.959592Z 0 [System] [MY-010931] [Server] C:\Users\Kieran\TFSServer\UniServerZ\core\mysql\bin\mysqld_z.exe: ready for connections. Version: '8.2.0'  socket: ''  port: 3306  MySQL Community Server - GPL.
2024-05-23T04:13:05.038092Z 52 [Warning] [MY-013360] [Server] Plugin mysql_native_password reported: ''mysql_native_password' is deprecated and will be removed in a future release. Please use caching_sha2_password instead'
2024-05-23T04:13:05.128479Z 54 [Warning] [MY-013360] [Server] Plugin mysql_native_password reported: ''mysql_native_password' is deprecated and will be removed in a future release. Please use caching_sha2_password instead'
2024-05-23T04:13:16.422460Z 56 [Warning] [MY-013360] [Server] Plugin mysql_native_password reported: ''mysql_native_password' is deprecated and will be removed in a future release. Please use caching_sha2_password instead'
2024-05-23T04:13:16.531339Z 58 [Warning] [MY-013360] [Server] Plugin mysql_native_password reported: ''mysql_native_password' is deprecated and will be removed in a future release. Please use caching_sha2_password instead'
2024-05-23T04:13:35.469422Z 60 [Warning] [MY-013360] [Server] Plugin mysql_native_password reported: ''mysql_native_password' is deprecated and will be removed in a future release. Please use caching_sha2_password instead'
2024-05-23T04:13:35.768799Z 62 [Warning] [MY-013360] [Server] Plugin mysql_native_password reported: ''mysql_native_password' is deprecated and will be removed in a future release. Please use caching_sha2_password instead'
2024-05-23T04:13:35.828780Z 64 [Warning] [MY-013360] [Server] Plugin mysql_native_password reported: ''mysql_native_password' is deprecated and will be removed in a future release. Please use caching_sha2_password instead'
2024-05-23T04:13:35.911759Z 66 [Warning] [MY-013360] [Server] Plugin mysql_native_password reported: ''mysql_native_password' is deprecated and will be removed in a future release. Please use caching_sha2_password instead'
2024-05-23T04:13:35.991779Z 68 [Warning] [MY-013360] [Server] Plugin mysql_native_password reported: ''mysql_native_password' is deprecated and will be removed in a future release. Please use caching_sha2_password instead'
2024-05-23T04:13:36.052596Z 70 [Warning] [MY-013360] [Server] Plugin mysql_native_password reported: ''mysql_native_password' is deprecated and will be removed in a future release. Please use caching_sha2_password instead'
2024-05-23T04:13:36.135770Z 72 [Warning] [MY-013360] [Server] Plugin mysql_native_password reported: ''mysql_native_password' is deprecated and will be removed in a future release. Please use caching_sha2_password instead'
2024-05-23T04:13:55.529773Z 73 [Warning] [MY-013360] [Server] Plugin mysql_native_password reported: ''mysql_native_password' is deprecated and will be removed in a future release. Please use caching_sha2_password instead'
2024-05-23T04:13:55.534544Z 74 [Warning] [MY-013360] [Server] Plugin mysql_native_password reported: ''mysql_native_password' is deprecated and will be removed in a future release. Please use caching_sha2_password instead'
2024-05-23T04:14:36.927782Z 76 [Warning] [MY-013360] [Server] Plugin mysql_native_password reported: ''mysql_native_password' is deprecated and will be removed in a future release. Please use caching_sha2_password instead'
2024-05-23T04:14:37.211779Z 78 [Warning] [MY-013360] [Server] Plugin mysql_native_password reported: ''mysql_native_password' is deprecated and will be removed in a future release. Please use caching_sha2_password instead'
2024-05-23T04:14:37.274765Z 80 [Warning] [MY-013360] [Server] Plugin mysql_native_password reported: ''mysql_native_password' is deprecated and will be removed in a future release. Please use caching_sha2_password instead'
2024-05-23T04:14:37.352844Z 82 [Warning] [MY-013360] [Server] Plugin mysql_native_password reported: ''mysql_native_password' is deprecated and will be removed in a future release. Please use caching_sha2_password instead'
2024-05-23T04:14:37.447786Z 84 [Warning] [MY-013360] [Server] Plugin mysql_native_password reported: ''mysql_native_password' is deprecated and will be removed in a future release. Please use caching_sha2_password instead'
2024-05-23T04:14:37.541803Z 86 [Warning] [MY-013360] [Server] Plugin mysql_native_password reported: ''mysql_native_password' is deprecated and will be removed in a future release. Please use caching_sha2_password instead'
2024-05-23T04:14:37.621777Z 88 [Warning] [MY-013360] [Server] Plugin mysql_native_password reported: ''mysql_native_password' is deprecated and will be removed in a future release. Please use caching_sha2_password instead'
2024-05-23T04:14:40.773240Z 90 [Warning] [MY-013360] [Server] Plugin mysql_native_password reported: ''mysql_native_password' is deprecated and will be removed in a future release. Please use caching_sha2_password instead'
2024-05-23T04:14:41.027905Z 92 [Warning] [MY-013360] [Server] Plugin mysql_native_password reported: ''mysql_native_password' is deprecated and will be removed in a future release. Please use caching_sha2_password instead'
2024-05-23T04:14:43.291596Z 94 [Warning] [MY-013360] [Server] Plugin mysql_native_password reported: ''mysql_native_password' is deprecated and will be removed in a future release. Please use caching_sha2_password instead'
2024-05-23T04:14:43.502477Z 96 [Warning] [MY-013360] [Server] Plugin mysql_native_password reported: ''mysql_native_password' is deprecated and will be removed in a future release. Please use caching_sha2_password instead'
2024-05-23T04:14:45.258120Z 98 [Warning] [MY-013360] [Server] Plugin mysql_native_password reported: ''mysql_native_password' is deprecated and will be removed in a future release. Please use caching_sha2_password instead'
2024-05-23T04:14:45.941521Z 100 [Warning] [MY-013360] [Server] Plugin mysql_native_password reported: ''mysql_native_password' is deprecated and will be removed in a future release. Please use caching_sha2_password instead'
2024-05-23T04:14:46.004396Z 102 [Warning] [MY-013360] [Server] Plugin mysql_native_password reported: ''mysql_native_password' is deprecated and will be removed in a future release. Please use caching_sha2_password instead'
2024-05-23T04:14:46.155154Z 104 [Warning] [MY-013360] [Server] Plugin mysql_native_password reported: ''mysql_native_password' is deprecated and will be removed in a future release. Please use caching_sha2_password instead'
2024-05-23T04:14:52.072772Z 106 [Warning] [MY-013360] [Server] Plugin mysql_native_password reported: ''mysql_native_password' is deprecated and will be removed in a future release. Please use caching_sha2_password instead'
2024-05-23T04:14:52.681285Z 108 [Warning] [MY-013360] [Server] Plugin mysql_native_password reported: ''mysql_native_password' is deprecated and will be removed in a future release. Please use caching_sha2_password instead'
2024-05-23T04:15:49.862076Z 110 [Warning] [MY-013360] [Server] Plugin mysql_native_password reported: ''mysql_native_password' is deprecated and will be removed in a future release. Please use caching_sha2_password instead'
2024-05-23T04:15:50.047263Z 112 [Warning] [MY-013360] [Server] Plugin mysql_native_password reported: ''mysql_native_password' is deprecated and will be removed in a future release. Please use caching_sha2_password instead'
2024-05-23T04:16:16.658025Z 114 [Warning] [MY-013360] [Server] Plugin mysql_native_password reported: ''mysql_native_password' is deprecated and will be removed in a future release. Please use caching_sha2_password instead'
2024-05-23T04:16:16.960027Z 116 [Warning] [MY-013360] [Server] Plugin mysql_native_password reported: ''mysql_native_password' is deprecated and will be removed in a future release. Please use caching_sha2_password instead'
2024-05-23T04:16:17.039029Z 118 [Warning] [MY-013360] [Server] Plugin mysql_native_password reported: ''mysql_native_password' is deprecated and will be removed in a future release. Please use caching_sha2_password instead'
2024-05-23T04:16:17.105056Z 120 [Warning] [MY-013360] [Server] Plugin mysql_native_password reported: ''mysql_native_password' is deprecated and will be removed in a future release. Please use caching_sha2_password instead'
2024-05-23T04:16:17.197090Z 122 [Warning] [MY-013360] [Server] Plugin mysql_native_password reported: ''mysql_native_password' is deprecated and will be removed in a future release. Please use caching_sha2_password instead'
2024-05-23T04:16:17.256206Z 124 [Warning] [MY-013360] [Server] Plugin mysql_native_password reported: ''mysql_native_password' is deprecated and will be removed in a future release. Please use caching_sha2_password instead'
2024-05-23T04:16:17.340026Z 126 [Warning] [MY-013360] [Server] Plugin mysql_native_password reported: ''mysql_native_password' is deprecated and will be removed in a future release. Please use caching_sha2_password instead'
2024-05-23T04:16:25.377616Z 127 [Warning] [MY-013360] [Server] Plugin mysql_native_password reported: ''mysql_native_password' is deprecated and will be removed in a future release. Please use caching_sha2_password instead'
2024-05-23T04:16:42.188899Z 128 [Warning] [MY-013360] [Server] Plugin mysql_native_password reported: ''mysql_native_password' is deprecated and will be removed in a future release. Please use caching_sha2_password instead'
2024-05-23T04:16:52.445532Z 129 [Warning] [MY-013360] [Server] Plugin mysql_native_password reported: ''mysql_native_password' is deprecated and will be removed in a future release. Please use caching_sha2_password instead'
2024-05-23T04:17:26.430230Z 130 [Warning] [MY-013360] [Server] Plugin mysql_native_password reported: ''mysql_native_password' is deprecated and will be removed in a future release. Please use caching_sha2_password instead'
2024-05-23T04:18:05.087041Z 131 [Warning] [MY-013360] [Server] Plugin mysql_native_password reported: ''mysql_native_password' is deprecated and will be removed in a future release. Please use caching_sha2_password instead'
2024-05-23T04:18:05.117999Z 132 [Warning] [MY-013360] [Server] Plugin mysql_native_password reported: ''mysql_native_password' is deprecated and will be removed in a future release. Please use caching_sha2_password instead'
2024-05-23T04:18:23.133306Z 133 [Warning] [MY-013360] [Server] Plugin mysql_native_password reported: ''mysql_native_password' is deprecated and will be removed in a future release. Please use caching_sha2_password instead'
2024-05-23T04:18:23.205728Z 134 [Warning] [MY-013360] [Server] Plugin mysql_native_password reported: ''mysql_native_password' is deprecated and will be removed in a future release. Please use caching_sha2_password instead'
2024-05-23T04:18:26.510983Z 135 [Warning] [MY-013360] [Server] Plugin mysql_native_password reported: ''mysql_native_password' is deprecated and will be removed in a future release. Please use caching_sha2_password instead'
2024-05-23T04:18:36.043535Z 136 [Warning] [MY-013360] [Server] Plugin mysql_native_password reported: ''mysql_native_password' is deprecated and will be removed in a future release. Please use caching_sha2_password instead'
2024-05-23T04:18:36.060445Z 137 [Warning] [MY-013360] [Server] Plugin mysql_native_password reported: ''mysql_native_password' is deprecated and will be removed in a future release. Please use caching_sha2_password instead'
2024-05-23T04:18:42.941553Z 138 [Warning] [MY-013360] [Server] Plugin mysql_native_password reported: ''mysql_native_password' is deprecated and will be removed in a future release. Please use caching_sha2_password instead'
2024-05-23T04:18:52.733175Z 140 [Warning] [MY-013360] [Server] Plugin mysql_native_password reported: ''mysql_native_password' is deprecated and will be removed in a future release. Please use caching_sha2_password instead'
2024-05-23T04:18:53.034463Z 142 [Warning] [MY-013360] [Server] Plugin mysql_native_password reported: ''mysql_native_password' is deprecated and will be removed in a future release. Please use caching_sha2_password instead'
2024-05-23T04:21:10.626017Z 144 [Warning] [MY-013360] [Server] Plugin mysql_native_password reported: ''mysql_native_password' is deprecated and will be removed in a future release. Please use caching_sha2_password instead'
2024-05-23T04:21:10.928286Z 146 [Warning] [MY-013360] [Server] Plugin mysql_native_password reported: ''mysql_native_password' is deprecated and will be removed in a future release. Please use caching_sha2_password instead'
2024-05-23T04:21:27.440871Z 148 [Warning] [MY-013360] [Server] Plugin mysql_native_password reported: ''mysql_native_password' is deprecated and will be removed in a future release. Please use caching_sha2_password instead'
2024-05-23T04:21:43.825261Z 150 [Warning] [MY-013360] [Server] Plugin mysql_native_password reported: ''mysql_native_password' is deprecated and will be removed in a future release. Please use caching_sha2_password instead'
2024-05-23T04:21:44.061282Z 152 [Warning] [MY-013360] [Server] Plugin mysql_native_password reported: ''mysql_native_password' is deprecated and will be removed in a future release. Please use caching_sha2_password instead'
2024-05-23T04:22:01.520133Z 153 [Warning] [MY-013360] [Server] Plugin mysql_native_password reported: ''mysql_native_password' is deprecated and will be removed in a future release. Please use caching_sha2_password instead'
2024-05-23T04:22:01.525002Z 154 [Warning] [MY-013360] [Server] Plugin mysql_native_password reported: ''mysql_native_password' is deprecated and will be removed in a future release. Please use caching_sha2_password instead'
2024-05-23T04:35:25.495201Z 155 [Warning] [MY-013360] [Server] Plugin mysql_native_password reported: ''mysql_native_password' is deprecated and will be removed in a future release. Please use caching_sha2_password instead'
2024-05-23T04:35:25.496200Z 155 [System] [MY-013172] [Server] Received SHUTDOWN from user root. Shutting down mysqld (Version: 8.2.0).
2024-05-23T04:35:25.496606Z 0 [System] [MY-013105] [Server] C:\Users\Kieran\TFSServer\UniServerZ\core\mysql\bin\mysqld_z.exe: Normal shutdown.
2024-05-23T04:35:26.430972Z 0 [System] [MY-010910] [Server] C:\Users\Kieran\TFSServer\UniServerZ\core\mysql\bin\mysqld_z.exe: Shutdown complete (mysqld 8.2.0)  MySQL Community Server - GPL.
2024-05-23T04:35:26.432203Z 0 [System] [MY-015016] [Server] MySQL Server - end.
